Using pre-set license
Built from '2020.3/staging' branch; Version is '2020.3.35f1 (18e4db7a9996) revision 1631451'; Using compiler version '192528614'; Build Type 'Release'
OS: 'Windows 10  (10.0.19045) 64bit Professional' Language: 'tr' Physical Memory: 14274 MB
BatchMode: 1, IsHumanControllingUs: 0, StartBugReporterOnCrash: 0, Is64bit: 1, IsPro: 0

COMMAND LINE ARGUMENTS:
C:\Program Files\Unity\Hub\Editor\2020.3.35f1\Editor\Unity.exe
-adb2
-batchMode
-noUpm
-name
AssetImportWorker0
-projectPath
C:/Users/Esra Solak/Desktop/DashAndRun
-logFile
Logs/AssetImportWorker0.log
-srvPort
57266
Successfully changed project path to: C:/Users/Esra Solak/Desktop/DashAndRun
C:/Users/Esra Solak/Desktop/DashAndRun
Using Asset Import Pipeline V2.
Refreshing native plugins compatible for Editor in 79.23 ms, found 3 plugins.
Preloading 0 native plugins for Editor in 0.00 ms.
Initialize engine version: 2020.3.35f1 (18e4db7a9996)
[Subsystems] Discovering subsystems at path C:/Program Files/Unity/Hub/Editor/2020.3.35f1/Editor/Data/Resources/UnitySubsystems
[Subsystems] Discovering subsystems at path C:/Users/Esra Solak/Desktop/DashAndRun/Assets
GfxDevice: creating device client; threaded=0
Direct3D:
    Version:  Direct3D 11.0 [level 11.1]
    Renderer: Radeon RX 560X Series (ID=0x67ef)
    Vendor:   
    VRAM:     4077 MB
    Driver:   27.20.1028.1
Initialize mono
Mono path[0] = 'C:/Program Files/Unity/Hub/Editor/2020.3.35f1/Editor/Data/Managed'
Mono path[1] = 'C:/Program Files/Unity/Hub/Editor/2020.3.35f1/Editor/Data/MonoBleedingEdge/lib/mono/unityjit'
Mono config path = 'C:/Program Files/Unity/Hub/Editor/2020.3.35f1/Editor/Data/MonoBleedingEdge/etc'
Using monoOptions --debugger-agent=transport=dt_socket,embedding=1,server=y,suspend=n,address=127.0.0.1:56504
Begin MonoManager ReloadAssembly
Registering precompiled unity dll's ...
Register platform support module: C:/Program Files/Unity/Hub/Editor/2020.3.35f1/Editor/Data/PlaybackEngines/WindowsStandaloneSupport/UnityEditor.WindowsStandalone.Extensions.dll
Registered in 0.002741 seconds.
Native extension for WindowsStandalone target not found
Refreshing native plugins compatible for Editor in 74.34 ms, found 3 plugins.
Preloading 0 native plugins for Editor in 0.00 ms.
Mono: successfully reloaded assembly
- Completed reload, in  0.777 seconds
Domain Reload Profiling:
	ReloadAssembly (777ms)
		BeginReloadAssembly (91ms)
			ExecutionOrderSort (0ms)
			DisableScriptedObjects (0ms)
			BackupInstance (0ms)
			ReleaseScriptingObjects (0ms)
			CreateAndSetChildDomain (1ms)
		EndReloadAssembly (590ms)
			LoadAssemblies (88ms)
			RebuildTransferFunctionScriptingTraits (0ms)
			SetupTypeCache (183ms)
			ReleaseScriptCaches (0ms)
			RebuildScriptCaches (34ms)
			SetupLoadedEditorAssemblies (237ms)
				LogAssemblyErrors (0ms)
				InitializePlatformSupportModulesInManaged (5ms)
				SetLoadedEditorAssemblies (0ms)
				RefreshPlugins (74ms)
				BeforeProcessingInitializeOnLoad (24ms)
				ProcessInitializeOnLoadAttributes (99ms)
				ProcessInitializeOnLoadMethodAttributes (34ms)
				AfterProcessingInitializeOnLoad (0ms)
				EditorAssembliesLoaded (0ms)
			ExecutionOrderSort2 (0ms)
			AwakeInstancesAfterBackupRestoration (0ms)
Platform modules already initialized, skipping
Registering precompiled user dll's ...
Registered in 0.013094 seconds.
Begin MonoManager ReloadAssembly
Native extension for WindowsStandalone target not found
Refreshing native plugins compatible for Editor in 74.24 ms, found 3 plugins.
Preloading 0 native plugins for Editor in 0.00 ms.
Mono: successfully reloaded assembly
- Completed reload, in  1.505 seconds
Domain Reload Profiling:
	ReloadAssembly (1507ms)
		BeginReloadAssembly (194ms)
			ExecutionOrderSort (0ms)
			DisableScriptedObjects (6ms)
			BackupInstance (0ms)
			ReleaseScriptingObjects (0ms)
			CreateAndSetChildDomain (24ms)
		EndReloadAssembly (1233ms)
			LoadAssemblies (145ms)
			RebuildTransferFunctionScriptingTraits (0ms)
			SetupTypeCache (378ms)
			ReleaseScriptCaches (1ms)
			RebuildScriptCaches (60ms)
			SetupLoadedEditorAssemblies (454ms)
				LogAssemblyErrors (0ms)
				InitializePlatformSupportModulesInManaged (3ms)
				SetLoadedEditorAssemblies (0ms)
				RefreshPlugins (74ms)
				BeforeProcessingInitializeOnLoad (106ms)
				ProcessInitializeOnLoadAttributes (231ms)
				ProcessInitializeOnLoadMethodAttributes (29ms)
				AfterProcessingInitializeOnLoad (10ms)
				EditorAssembliesLoaded (0ms)
			ExecutionOrderSort2 (0ms)
			AwakeInstancesAfterBackupRestoration (1ms)
Platform modules already initialized, skipping
========================================================================
Worker process is ready to serve import requests
Launched and connected shader compiler UnityShaderCompiler.exe after 0.05 seconds
Refreshing native plugins compatible for Editor in 0.79 ms, found 3 plugins.
Preloading 0 native plugins for Editor in 0.00 ms.
Unloading 2379 Unused Serialized files (Serialized files now loaded: 0)
System memory in use before: 104.4 MB.
System memory in use after: 104.6 MB.

Unloading 46 unused Assets to reduce memory usage. Loaded Objects now: 2812.
Total: 4.250800 ms (FindLiveObjects: 0.244400 ms CreateObjectMapping: 0.063800 ms MarkObjects: 3.840000 ms  DeleteObjects: 0.101300 ms)

AssetImportParameters requested are different than current active one (requested -> active):
  custom:framework-win-MediaFoundation: 216162199b28c13a410421893ffa2e32 -> 
  custom:video-decoder-ogg-theora: a1e56fd34408186e4bbccfd4996cb3dc -> 
  custom:container-muxer-webm: aa71ff27fc2769a1b78a27578f13a17b -> 
  custom:container-demuxer-webm: 4f35f7cbe854078d1ac9338744f61a02 -> 
  custom:container-demuxer-ogg: 62fdf1f143b41e24485cea50d1cbac27 -> 
  custom:video-encoder-webm-vp8: eb34c28f22e8b96e1ab97ce403110664 -> 
  custom:video-decoder-webm-vp8: 9c59270c3fd7afecdb556c50c9e8de78 -> 
  custom:audio-decoder-ogg-vorbis: bf7c407c2cedff20999df2af8eb42d56 -> 
  custom:audio-encoder-webm-vorbis: bf7c407c2cedff20999df2af8eb42d56 -> 
========================================================================
Received Import Request.
  path: Assets/Editor/ObjectAligner.cs
  artifactKey: Guid(e9cf3d00d04198d4583666b04861c291) Importer(815301076,1909f56bfc062723c751e8b465ee728b)
Start importing Assets/Editor/ObjectAligner.cs using Guid(e9cf3d00d04198d4583666b04861c291) Importer(815301076,1909f56bfc062723c751e8b465ee728b)  -> (artifact id: '498ba88e669ef311552547762e65d094') in 0.029083 seconds 
========================================================================
Received Import Request.
  Time since last request: 47.713862 seconds.
  path: Assets/Editor/RenameMultipleObjectsWithNumbers.cs
  artifactKey: Guid(596c1d92103668943afde2f973b7f212) Importer(815301076,1909f56bfc062723c751e8b465ee728b)
Start importing Assets/Editor/RenameMultipleObjectsWithNumbers.cs using Guid(596c1d92103668943afde2f973b7f212) Importer(815301076,1909f56bfc062723c751e8b465ee728b)  -> (artifact id: '196ef9f4e59c0d636d6439901be0fd7f') in 0.003945 seconds 
========================================================================
Received Import Request.
  Time since last request: 32.719278 seconds.
  path: Assets/Editor/ScreenshotUtility.cs
  artifactKey: Guid(2ebb8c71751758e488baf8a325421e1a) Importer(815301076,1909f56bfc062723c751e8b465ee728b)
Start importing Assets/Editor/ScreenshotUtility.cs using Guid(2ebb8c71751758e488baf8a325421e1a) Importer(815301076,1909f56bfc062723c751e8b465ee728b)  -> (artifact id: 'b3f0260997fcca83d8a572d3ba92e43f') in 0.003938 seconds 
========================================================================
Received Import Request.
  Time since last request: 218.043640 seconds.
  path: Assets/Scritps/CharacterScripts/CharacterJump.cs
  artifactKey: Guid(6228f18b7a6ee7342b8fb5df5816f542) Importer(815301076,1909f56bfc062723c751e8b465ee728b)
Start importing Assets/Scritps/CharacterScripts/CharacterJump.cs using Guid(6228f18b7a6ee7342b8fb5df5816f542) Importer(815301076,1909f56bfc062723c751e8b465ee728b)  -> (artifact id: 'bb52bfcb8e4b94cd80145e271fb05289') in 0.003611 seconds 
========================================================================
Received Import Request.
  Time since last request: 1.096974 seconds.
  path: Assets/Scritps/CharacterScripts/CharacterMovement.cs
  artifactKey: Guid(3c465983b2395a64fab6e8658a6965df) Importer(815301076,1909f56bfc062723c751e8b465ee728b)
Start importing Assets/Scritps/CharacterScripts/CharacterMovement.cs using Guid(3c465983b2395a64fab6e8658a6965df) Importer(815301076,1909f56bfc062723c751e8b465ee728b)  -> (artifact id: '48e5c527482b1295833b10f7ba75de0f') in 0.003546 seconds 
========================================================================
Received Import Request.
  Time since last request: 4.484367 seconds.
  path: Assets/Scritps/ManagerScripts/AudioManager.cs
  artifactKey: Guid(65f977e49e67e14418bd811a2f351d24) Importer(815301076,1909f56bfc062723c751e8b465ee728b)
Start importing Assets/Scritps/ManagerScripts/AudioManager.cs using Guid(65f977e49e67e14418bd811a2f351d24) Importer(815301076,1909f56bfc062723c751e8b465ee728b)  -> (artifact id: '9a393083b30f7dcc4b34998329694937') in 0.003305 seconds 
========================================================================
Received Import Request.
  Time since last request: 1.231502 seconds.
  path: Assets/Scritps/ManagerScripts/NotificationManager.cs
  artifactKey: Guid(25824f0c6492e2e48b6e0486ed87bc17) Importer(815301076,1909f56bfc062723c751e8b465ee728b)
Start importing Assets/Scritps/ManagerScripts/NotificationManager.cs using Guid(25824f0c6492e2e48b6e0486ed87bc17) Importer(815301076,1909f56bfc062723c751e8b465ee728b)  -> (artifact id: 'b83660b6ab67f1f06a87f4a787cdd1a1') in 0.003774 seconds 
========================================================================
Received Import Request.
  Time since last request: 0.197012 seconds.
  path: Assets/Scritps/ManagerScripts/ScriptExecutionOrderManager.cs
  artifactKey: Guid(91de21a5c9566d047ac05050c425f5bb) Importer(815301076,1909f56bfc062723c751e8b465ee728b)
Start importing Assets/Scritps/ManagerScripts/ScriptExecutionOrderManager.cs using Guid(91de21a5c9566d047ac05050c425f5bb) Importer(815301076,1909f56bfc062723c751e8b465ee728b)  -> (artifact id: '252ebd1e9f9968e08a8d39b36d79a1e2') in 0.003956 seconds 
========================================================================
Received Import Request.
  Time since last request: 0.390792 seconds.
  path: Assets/Scritps/ManagerScripts/TaskManager.cs
  artifactKey: Guid(a54a5a5b6a75f49498fff451d73d2aaf) Importer(815301076,1909f56bfc062723c751e8b465ee728b)
Start importing Assets/Scritps/ManagerScripts/TaskManager.cs using Guid(a54a5a5b6a75f49498fff451d73d2aaf) Importer(815301076,1909f56bfc062723c751e8b465ee728b)  -> (artifact id: '890caa3d439ab5159d7f9733f1b829b7') in 0.003986 seconds 
========================================================================
Received Import Request.
  Time since last request: 13.675718 seconds.
  path: Assets/Scritps/ScreenShotScript
  artifactKey: Guid(ce0a12da5be20864a96b84854fb6d6c8) Importer(815301076,1909f56bfc062723c751e8b465ee728b)
Start importing Assets/Scritps/ScreenShotScript using Guid(ce0a12da5be20864a96b84854fb6d6c8) Importer(815301076,1909f56bfc062723c751e8b465ee728b)  -> (artifact id: '5208c584953619a1f40df2f2378eabc0') in 0.003558 seconds 
========================================================================
Received Import Request.
  Time since last request: 0.094458 seconds.
  path: Assets/Scritps/CameraFollow.cs
  artifactKey: Guid(5634daa91a5b64244bdce3b37d8f5d7d) Importer(815301076,1909f56bfc062723c751e8b465ee728b)
Start importing Assets/Scritps/CameraFollow.cs using Guid(5634daa91a5b64244bdce3b37d8f5d7d) Importer(815301076,1909f56bfc062723c751e8b465ee728b)  -> (artifact id: '154102380458f183f3e50f8548b68500') in 0.003704 seconds 
========================================================================
Received Import Request.
  Time since last request: 0.057612 seconds.
  path: Assets/Scritps/EndHandler.cs
  artifactKey: Guid(1130307de3695c148a3a124f213a8dbb) Importer(815301076,1909f56bfc062723c751e8b465ee728b)
Start importing Assets/Scritps/EndHandler.cs using Guid(1130307de3695c148a3a124f213a8dbb) Importer(815301076,1909f56bfc062723c751e8b465ee728b)  -> (artifact id: '4d338071329e7d1f0d5dbf1dd04d1063') in 0.003228 seconds 
========================================================================
Received Import Request.
  Time since last request: 0.021710 seconds.
  path: Assets/Scritps/GameOverCanvas.cs
  artifactKey: Guid(1e2cafdd3a12641428279aeeedd6e3b3) Importer(815301076,1909f56bfc062723c751e8b465ee728b)
Start importing Assets/Scritps/GameOverCanvas.cs using Guid(1e2cafdd3a12641428279aeeedd6e3b3) Importer(815301076,1909f56bfc062723c751e8b465ee728b)  -> (artifact id: '3fadb2805b51853bb719172661d74af6') in 0.002899 seconds 
========================================================================
Received Import Request.
  Time since last request: 0.043899 seconds.
  path: Assets/Scritps/GameOverTextAnim.cs
  artifactKey: Guid(13cc6aa18a03d864bb659bed987e4f44) Importer(815301076,1909f56bfc062723c751e8b465ee728b)
Start importing Assets/Scritps/GameOverTextAnim.cs using Guid(13cc6aa18a03d864bb659bed987e4f44) Importer(815301076,1909f56bfc062723c751e8b465ee728b)  -> (artifact id: 'e5a89d29f4eba267d53f8012829f891e') in 0.003795 seconds 
========================================================================
Received Import Request.
  Time since last request: 0.021028 seconds.
  path: Assets/Scritps/HeartCanvas.cs
  artifactKey: Guid(1489a0269571e1140ad0b78a78963c78) Importer(815301076,1909f56bfc062723c751e8b465ee728b)
Start importing Assets/Scritps/HeartCanvas.cs using Guid(1489a0269571e1140ad0b78a78963c78) Importer(815301076,1909f56bfc062723c751e8b465ee728b)  -> (artifact id: '2b70718864ed960c7a0965f5ba5a8602') in 0.003536 seconds 
========================================================================
Received Import Request.
  Time since last request: 0.023324 seconds.
  path: Assets/Scritps/InputCanvas.cs
  artifactKey: Guid(6f6e336372ad30a4aa6791aa9eb6a3f3) Importer(815301076,1909f56bfc062723c751e8b465ee728b)
Start importing Assets/Scritps/InputCanvas.cs using Guid(6f6e336372ad30a4aa6791aa9eb6a3f3) Importer(815301076,1909f56bfc062723c751e8b465ee728b)  -> (artifact id: 'bada6bacf98b50db161ad69924402189') in 0.003072 seconds 
========================================================================
Received Import Request.
  Time since last request: 0.022731 seconds.
  path: Assets/Scritps/LevelLoaderUIPositionSync.cs
  artifactKey: Guid(543caa047d70ce942b3e96676eaf1bf4) Importer(815301076,1909f56bfc062723c751e8b465ee728b)
Start importing Assets/Scritps/LevelLoaderUIPositionSync.cs using Guid(543caa047d70ce942b3e96676eaf1bf4) Importer(815301076,1909f56bfc062723c751e8b465ee728b)  -> (artifact id: '1f591d7c2cecd1a847a9789c6d8a77c2') in 0.003894 seconds 
========================================================================
Received Import Request.
  Time since last request: 0.022530 seconds.
  path: Assets/Scritps/LevelResourceLoader.cs
  artifactKey: Guid(a97f36e8bfa7a964a93e1e1da4bc729a) Importer(815301076,1909f56bfc062723c751e8b465ee728b)
Start importing Assets/Scritps/LevelResourceLoader.cs using Guid(a97f36e8bfa7a964a93e1e1da4bc729a) Importer(815301076,1909f56bfc062723c751e8b465ee728b)  -> (artifact id: '225214a02b0d6b702534a9961d385a8e') in 0.003113 seconds 
========================================================================
Received Import Request.
  Time since last request: 0.024771 seconds.
  path: Assets/Scritps/MainMenuButtons.cs
  artifactKey: Guid(8feafc61466583d41b6da8acb68290bd) Importer(815301076,1909f56bfc062723c751e8b465ee728b)
Start importing Assets/Scritps/MainMenuButtons.cs using Guid(8feafc61466583d41b6da8acb68290bd) Importer(815301076,1909f56bfc062723c751e8b465ee728b)  -> (artifact id: 'b751c7573dfd2928e8ed110fb60c5893') in 0.003443 seconds 
========================================================================
Received Import Request.
  Time since last request: 0.026767 seconds.
  path: Assets/Scritps/OptionsCanvas.cs
  artifactKey: Guid(1309fe6e97430894f9bf840e32e8dc48) Importer(815301076,1909f56bfc062723c751e8b465ee728b)
Start importing Assets/Scritps/OptionsCanvas.cs using Guid(1309fe6e97430894f9bf840e32e8dc48) Importer(815301076,1909f56bfc062723c751e8b465ee728b)  -> (artifact id: '5f39028c20ec1c3f1f76fa67be7ff9ce') in 0.004008 seconds 
========================================================================
Received Import Request.
  Time since last request: 0.029059 seconds.
  path: Assets/Scritps/Trampoline.cs
  artifactKey: Guid(5e6199073f3efcb4abe7ee605b38013e) Importer(815301076,1909f56bfc062723c751e8b465ee728b)
Start importing Assets/Scritps/Trampoline.cs using Guid(5e6199073f3efcb4abe7ee605b38013e) Importer(815301076,1909f56bfc062723c751e8b465ee728b)  -> (artifact id: '375df69788ef9072d19781012fbcdbf2') in 0.003067 seconds 
========================================================================
Received Import Request.
  Time since last request: 315.767003 seconds.
  path: Assets/Scritps/SceneController/GameStart.cs
  artifactKey: Guid(db7d14edd7eb903449e0ae4a8b8cbdf3) Importer(815301076,1909f56bfc062723c751e8b465ee728b)
Start importing Assets/Scritps/SceneController/GameStart.cs using Guid(db7d14edd7eb903449e0ae4a8b8cbdf3) Importer(815301076,1909f56bfc062723c751e8b465ee728b)  -> (artifact id: '1f0793144c68c8bd47bf160dfd221d93') in 0.003114 seconds 
========================================================================
Received Import Request.
  Time since last request: 0.277926 seconds.
  path: Assets/Scritps/SceneController/HealthSystem.cs
  artifactKey: Guid(7956c4bc26a051048bc0a6d51bb764a8) Importer(815301076,1909f56bfc062723c751e8b465ee728b)
Start importing Assets/Scritps/SceneController/HealthSystem.cs using Guid(7956c4bc26a051048bc0a6d51bb764a8) Importer(815301076,1909f56bfc062723c751e8b465ee728b)  -> (artifact id: '2a5780d9456fffec325c9eea27f67cc6') in 0.003162 seconds 
========================================================================
Received Import Request.
  Time since last request: 0.193758 seconds.
  path: Assets/Scritps/SceneController/SceneDirector.cs
  artifactKey: Guid(aa0dbe3c2c835cf4d858ce248ed585d5) Importer(815301076,1909f56bfc062723c751e8b465ee728b)
Start importing Assets/Scritps/SceneController/SceneDirector.cs using Guid(aa0dbe3c2c835cf4d858ce248ed585d5) Importer(815301076,1909f56bfc062723c751e8b465ee728b)  -> (artifact id: '070a286015cdb63a6d00aed66f332370') in 0.003173 seconds 
========================================================================
Received Import Request.
  Time since last request: 0.214246 seconds.
  path: Assets/Scritps/SceneController/ScriptManager.cs
  artifactKey: Guid(df46a02a4baaf21408305b56428a935c) Importer(815301076,1909f56bfc062723c751e8b465ee728b)
Start importing Assets/Scritps/SceneController/ScriptManager.cs using Guid(df46a02a4baaf21408305b56428a935c) Importer(815301076,1909f56bfc062723c751e8b465ee728b)  -> (artifact id: 'cde74f64eff66b1fcc78c905826d6932') in 0.003191 seconds 
========================================================================
Received Import Request.
  Time since last request: 0.204847 seconds.
  path: Assets/Scritps/SceneController/SpawnPoints.cs
  artifactKey: Guid(22ca9d213eb8263448085b00ef59bd19) Importer(815301076,1909f56bfc062723c751e8b465ee728b)
Start importing Assets/Scritps/SceneController/SpawnPoints.cs using Guid(22ca9d213eb8263448085b00ef59bd19) Importer(815301076,1909f56bfc062723c751e8b465ee728b)  -> (artifact id: 'c760f98833fac09b9632efd4c59ef7d3') in 0.002851 seconds 
========================================================================
Received Prepare
Registering precompiled user dll's ...
Registered in 0.014566 seconds.
Begin MonoManager ReloadAssembly
Native extension for WindowsStandalone target not found
Refreshing native plugins compatible for Editor in 0.82 ms, found 3 plugins.
Preloading 0 native plugins for Editor in 0.00 ms.
Mono: successfully reloaded assembly
- Completed reload, in  1.422 seconds
Domain Reload Profiling:
	ReloadAssembly (1422ms)
		BeginReloadAssembly (193ms)
			ExecutionOrderSort (0ms)
			DisableScriptedObjects (7ms)
			BackupInstance (0ms)
			ReleaseScriptingObjects (0ms)
			CreateAndSetChildDomain (60ms)
		EndReloadAssembly (1145ms)
			LoadAssemblies (179ms)
			RebuildTransferFunctionScriptingTraits (0ms)
			SetupTypeCache (400ms)
			ReleaseScriptCaches (1ms)
			RebuildScriptCaches (53ms)
			SetupLoadedEditorAssemblies (414ms)
				LogAssemblyErrors (0ms)
				InitializePlatformSupportModulesInManaged (5ms)
				SetLoadedEditorAssemblies (1ms)
				RefreshPlugins (1ms)
				BeforeProcessingInitializeOnLoad (109ms)
				ProcessInitializeOnLoadAttributes (271ms)
				ProcessInitializeOnLoadMethodAttributes (19ms)
				AfterProcessingInitializeOnLoad (8ms)
				EditorAssembliesLoaded (0ms)
			ExecutionOrderSort2 (0ms)
			AwakeInstancesAfterBackupRestoration (4ms)
Platform modules already initialized, skipping
Switching build target platform(19) subTarget(0) extendedPlatform(0) -> platform(13) subTarget(537395200) extendedPlatform(0)
Refreshing native plugins compatible for Editor in 0.85 ms, found 3 plugins.
Preloading 0 native plugins for Editor in 0.00 ms.
Unloading 2358 Unused Serialized files (Serialized files now loaded: 0)
System memory in use before: 102.6 MB.
System memory in use after: 102.8 MB.

Unloading 35 unused Assets to reduce memory usage. Loaded Objects now: 2815.
Total: 4.264200 ms (FindLiveObjects: 0.256500 ms CreateObjectMapping: 0.075900 ms MarkObjects: 3.894200 ms  DeleteObjects: 0.036000 ms)

AssetImportParameters requested are different than current active one (requested -> active):
  custom:framework-win-MediaFoundation: 216162199b28c13a410421893ffa2e32 -> 
  custom:video-decoder-ogg-theora: a1e56fd34408186e4bbccfd4996cb3dc -> 
  custom:container-muxer-webm: aa71ff27fc2769a1b78a27578f13a17b -> 
  custom:container-demuxer-webm: 4f35f7cbe854078d1ac9338744f61a02 -> 
  custom:container-demuxer-ogg: 62fdf1f143b41e24485cea50d1cbac27 -> 
  custom:video-encoder-webm-vp8: eb34c28f22e8b96e1ab97ce403110664 -> 
  custom:video-decoder-webm-vp8: 9c59270c3fd7afecdb556c50c9e8de78 -> 
  custom:graphics/normal-map-encoding: 01000000000000000000000000000000 -> 02000000000000000000000000000000
  custom:audio-decoder-ogg-vorbis: bf7c407c2cedff20999df2af8eb42d56 -> 
  custom:audio-encoder-webm-vorbis: bf7c407c2cedff20999df2af8eb42d56 -> 
========================================================================
Received Prepare
Registering precompiled user dll's ...
Registered in 0.012938 seconds.
Begin MonoManager ReloadAssembly
Native extension for WindowsStandalone target not found
Refreshing native plugins compatible for Editor in 0.83 ms, found 3 plugins.
Preloading 0 native plugins for Editor in 0.00 ms.
Mono: successfully reloaded assembly
- Completed reload, in  1.527 seconds
Domain Reload Profiling:
	ReloadAssembly (1528ms)
		BeginReloadAssembly (198ms)
			ExecutionOrderSort (0ms)
			DisableScriptedObjects (8ms)
			BackupInstance (0ms)
			ReleaseScriptingObjects (0ms)
			CreateAndSetChildDomain (50ms)
		EndReloadAssembly (1243ms)
			LoadAssemblies (192ms)
			RebuildTransferFunctionScriptingTraits (0ms)
			SetupTypeCache (407ms)
			ReleaseScriptCaches (3ms)
			RebuildScriptCaches (65ms)
			SetupLoadedEditorAssemblies (445ms)
				LogAssemblyErrors (0ms)
				InitializePlatformSupportModulesInManaged (5ms)
				SetLoadedEditorAssemblies (1ms)
				RefreshPlugins (1ms)
				BeforeProcessingInitializeOnLoad (117ms)
				ProcessInitializeOnLoadAttributes (292ms)
				ProcessInitializeOnLoadMethodAttributes (20ms)
				AfterProcessingInitializeOnLoad (9ms)
				EditorAssembliesLoaded (0ms)
			ExecutionOrderSort2 (0ms)
			AwakeInstancesAfterBackupRestoration (5ms)
Platform modules already initialized, skipping
Switching build target platform(19) subTarget(0) extendedPlatform(0) -> platform(13) subTarget(537395200) extendedPlatform(0)
Refreshing native plugins compatible for Editor in 0.85 ms, found 3 plugins.
Preloading 0 native plugins for Editor in 0.00 ms.
Unloading 2358 Unused Serialized files (Serialized files now loaded: 0)
System memory in use before: 102.6 MB.
System memory in use after: 102.8 MB.

Unloading 35 unused Assets to reduce memory usage. Loaded Objects now: 2818.
Total: 4.137400 ms (FindLiveObjects: 0.249000 ms CreateObjectMapping: 0.070100 ms MarkObjects: 3.781400 ms  DeleteObjects: 0.035800 ms)

AssetImportParameters requested are different than current active one (requested -> active):
  custom:framework-win-MediaFoundation: 216162199b28c13a410421893ffa2e32 -> 
  custom:video-decoder-ogg-theora: a1e56fd34408186e4bbccfd4996cb3dc -> 
  custom:container-muxer-webm: aa71ff27fc2769a1b78a27578f13a17b -> 
  custom:container-demuxer-webm: 4f35f7cbe854078d1ac9338744f61a02 -> 
  custom:container-demuxer-ogg: 62fdf1f143b41e24485cea50d1cbac27 -> 
  custom:video-encoder-webm-vp8: eb34c28f22e8b96e1ab97ce403110664 -> 
  custom:video-decoder-webm-vp8: 9c59270c3fd7afecdb556c50c9e8de78 -> 
  custom:graphics/normal-map-encoding: 01000000000000000000000000000000 -> 02000000000000000000000000000000
  custom:audio-decoder-ogg-vorbis: bf7c407c2cedff20999df2af8eb42d56 -> 
  custom:audio-encoder-webm-vorbis: bf7c407c2cedff20999df2af8eb42d56 -> 
========================================================================
Received Prepare
Registering precompiled user dll's ...
Registered in 0.014022 seconds.
Begin MonoManager ReloadAssembly
Native extension for WindowsStandalone target not found
Refreshing native plugins compatible for Editor in 0.80 ms, found 3 plugins.
Preloading 0 native plugins for Editor in 0.00 ms.
Mono: successfully reloaded assembly
- Completed reload, in  1.434 seconds
Domain Reload Profiling:
	ReloadAssembly (1435ms)
		BeginReloadAssembly (183ms)
			ExecutionOrderSort (0ms)
			DisableScriptedObjects (7ms)
			BackupInstance (0ms)
			ReleaseScriptingObjects (0ms)
			CreateAndSetChildDomain (68ms)
		EndReloadAssembly (1168ms)
			LoadAssemblies (151ms)
			RebuildTransferFunctionScriptingTraits (0ms)
			SetupTypeCache (339ms)
			ReleaseScriptCaches (1ms)
			RebuildScriptCaches (49ms)
			SetupLoadedEditorAssemblies (516ms)
				LogAssemblyErrors (0ms)
				InitializePlatformSupportModulesInManaged (5ms)
				SetLoadedEditorAssemblies (1ms)
				RefreshPlugins (1ms)
				BeforeProcessingInitializeOnLoad (145ms)
				ProcessInitializeOnLoadAttributes (338ms)
				ProcessInitializeOnLoadMethodAttributes (19ms)
				AfterProcessingInitializeOnLoad (8ms)
				EditorAssembliesLoaded (0ms)
			ExecutionOrderSort2 (0ms)
			AwakeInstancesAfterBackupRestoration (4ms)
Platform modules already initialized, skipping
Switching build target platform(19) subTarget(0) extendedPlatform(0) -> platform(13) subTarget(537395200) extendedPlatform(0)
Refreshing native plugins compatible for Editor in 0.79 ms, found 3 plugins.
Preloading 0 native plugins for Editor in 0.00 ms.
Unloading 2358 Unused Serialized files (Serialized files now loaded: 0)
System memory in use before: 102.6 MB.
System memory in use after: 102.8 MB.

Unloading 35 unused Assets to reduce memory usage. Loaded Objects now: 2821.
Total: 4.045400 ms (FindLiveObjects: 0.234000 ms CreateObjectMapping: 0.069200 ms MarkObjects: 3.708900 ms  DeleteObjects: 0.031900 ms)

AssetImportParameters requested are different than current active one (requested -> active):
  custom:framework-win-MediaFoundation: 216162199b28c13a410421893ffa2e32 -> 
  custom:video-decoder-ogg-theora: a1e56fd34408186e4bbccfd4996cb3dc -> 
  custom:container-muxer-webm: aa71ff27fc2769a1b78a27578f13a17b -> 
  custom:container-demuxer-webm: 4f35f7cbe854078d1ac9338744f61a02 -> 
  custom:container-demuxer-ogg: 62fdf1f143b41e24485cea50d1cbac27 -> 
  custom:video-encoder-webm-vp8: eb34c28f22e8b96e1ab97ce403110664 -> 
  custom:video-decoder-webm-vp8: 9c59270c3fd7afecdb556c50c9e8de78 -> 
  custom:graphics/normal-map-encoding: 01000000000000000000000000000000 -> 02000000000000000000000000000000
  custom:audio-decoder-ogg-vorbis: bf7c407c2cedff20999df2af8eb42d56 -> 
  custom:audio-encoder-webm-vorbis: bf7c407c2cedff20999df2af8eb42d56 -> 
========================================================================
Received Prepare
Registering precompiled user dll's ...
Registered in 0.020773 seconds.
Begin MonoManager ReloadAssembly
Native extension for WindowsStandalone target not found
Refreshing native plugins compatible for Editor in 0.82 ms, found 3 plugins.
Preloading 0 native plugins for Editor in 0.00 ms.
Mono: successfully reloaded assembly
- Completed reload, in  1.534 seconds
Domain Reload Profiling:
	ReloadAssembly (1534ms)
		BeginReloadAssembly (179ms)
			ExecutionOrderSort (0ms)
			DisableScriptedObjects (7ms)
			BackupInstance (0ms)
			ReleaseScriptingObjects (0ms)
			CreateAndSetChildDomain (56ms)
		EndReloadAssembly (1265ms)
			LoadAssemblies (178ms)
			RebuildTransferFunctionScriptingTraits (0ms)
			SetupTypeCache (376ms)
			ReleaseScriptCaches (1ms)
			RebuildScriptCaches (68ms)
			SetupLoadedEditorAssemblies (490ms)
				LogAssemblyErrors (0ms)
				InitializePlatformSupportModulesInManaged (5ms)
				SetLoadedEditorAssemblies (1ms)
				RefreshPlugins (1ms)
				BeforeProcessingInitializeOnLoad (124ms)
				ProcessInitializeOnLoadAttributes (331ms)
				ProcessInitializeOnLoadMethodAttributes (20ms)
				AfterProcessingInitializeOnLoad (9ms)
				EditorAssembliesLoaded (0ms)
			ExecutionOrderSort2 (0ms)
			AwakeInstancesAfterBackupRestoration (4ms)
Platform modules already initialized, skipping
Switching build target platform(19) subTarget(0) extendedPlatform(0) -> platform(13) subTarget(537395200) extendedPlatform(0)
Refreshing native plugins compatible for Editor in 0.94 ms, found 3 plugins.
Preloading 0 native plugins for Editor in 0.00 ms.
Unloading 2358 Unused Serialized files (Serialized files now loaded: 0)
System memory in use before: 102.6 MB.
System memory in use after: 102.8 MB.

Unloading 35 unused Assets to reduce memory usage. Loaded Objects now: 2824.
Total: 4.742700 ms (FindLiveObjects: 0.284000 ms CreateObjectMapping: 0.088200 ms MarkObjects: 4.335900 ms  DeleteObjects: 0.033100 ms)

AssetImportParameters requested are different than current active one (requested -> active):
  custom:framework-win-MediaFoundation: 216162199b28c13a410421893ffa2e32 -> 
  custom:video-decoder-ogg-theora: a1e56fd34408186e4bbccfd4996cb3dc -> 
  custom:container-muxer-webm: aa71ff27fc2769a1b78a27578f13a17b -> 
  custom:container-demuxer-webm: 4f35f7cbe854078d1ac9338744f61a02 -> 
  custom:container-demuxer-ogg: 62fdf1f143b41e24485cea50d1cbac27 -> 
  custom:video-encoder-webm-vp8: eb34c28f22e8b96e1ab97ce403110664 -> 
  custom:video-decoder-webm-vp8: 9c59270c3fd7afecdb556c50c9e8de78 -> 
  custom:graphics/normal-map-encoding: 01000000000000000000000000000000 -> 02000000000000000000000000000000
  custom:audio-decoder-ogg-vorbis: bf7c407c2cedff20999df2af8eb42d56 -> 
  custom:audio-encoder-webm-vorbis: bf7c407c2cedff20999df2af8eb42d56 -> 
========================================================================
Received Prepare
Registering precompiled user dll's ...
Registered in 0.014222 seconds.
Begin MonoManager ReloadAssembly
Native extension for WindowsStandalone target not found
Refreshing native plugins compatible for Editor in 0.84 ms, found 3 plugins.
Preloading 0 native plugins for Editor in 0.00 ms.
Mono: successfully reloaded assembly
- Completed reload, in  1.472 seconds
Domain Reload Profiling:
	ReloadAssembly (1473ms)
		BeginReloadAssembly (148ms)
			ExecutionOrderSort (0ms)
			DisableScriptedObjects (7ms)
			BackupInstance (0ms)
			ReleaseScriptingObjects (0ms)
			CreateAndSetChildDomain (43ms)
		EndReloadAssembly (1241ms)
			LoadAssemblies (143ms)
			RebuildTransferFunctionScriptingTraits (0ms)
			SetupTypeCache (486ms)
			ReleaseScriptCaches (1ms)
			RebuildScriptCaches (52ms)
			SetupLoadedEditorAssemblies (406ms)
				LogAssemblyErrors (0ms)
				InitializePlatformSupportModulesInManaged (5ms)
				SetLoadedEditorAssemblies (1ms)
				RefreshPlugins (1ms)
				BeforeProcessingInitializeOnLoad (106ms)
				ProcessInitializeOnLoadAttributes (263ms)
				ProcessInitializeOnLoadMethodAttributes (22ms)
				AfterProcessingInitializeOnLoad (9ms)
				EditorAssembliesLoaded (0ms)
			ExecutionOrderSort2 (0ms)
			AwakeInstancesAfterBackupRestoration (4ms)
Platform modules already initialized, skipping
Switching build target platform(19) subTarget(0) extendedPlatform(0) -> platform(13) subTarget(537395200) extendedPlatform(0)
Refreshing native plugins compatible for Editor in 0.84 ms, found 3 plugins.
Preloading 0 native plugins for Editor in 0.00 ms.
Unloading 2358 Unused Serialized files (Serialized files now loaded: 0)
System memory in use before: 102.5 MB.
System memory in use after: 102.8 MB.

Unloading 35 unused Assets to reduce memory usage. Loaded Objects now: 2827.
Total: 5.272800 ms (FindLiveObjects: 0.273800 ms CreateObjectMapping: 0.087500 ms MarkObjects: 4.863700 ms  DeleteObjects: 0.046400 ms)

AssetImportParameters requested are different than current active one (requested -> active):
  custom:framework-win-MediaFoundation: 216162199b28c13a410421893ffa2e32 -> 
  custom:video-decoder-ogg-theora: a1e56fd34408186e4bbccfd4996cb3dc -> 
  custom:container-muxer-webm: aa71ff27fc2769a1b78a27578f13a17b -> 
  custom:container-demuxer-webm: 4f35f7cbe854078d1ac9338744f61a02 -> 
  custom:container-demuxer-ogg: 62fdf1f143b41e24485cea50d1cbac27 -> 
  custom:video-encoder-webm-vp8: eb34c28f22e8b96e1ab97ce403110664 -> 
  custom:video-decoder-webm-vp8: 9c59270c3fd7afecdb556c50c9e8de78 -> 
  custom:graphics/normal-map-encoding: 01000000000000000000000000000000 -> 02000000000000000000000000000000
  custom:audio-decoder-ogg-vorbis: bf7c407c2cedff20999df2af8eb42d56 -> 
  custom:audio-encoder-webm-vorbis: bf7c407c2cedff20999df2af8eb42d56 -> 
========================================================================
Received Prepare
Registering precompiled user dll's ...
Registered in 0.012891 seconds.
Begin MonoManager ReloadAssembly
Native extension for WindowsStandalone target not found
Refreshing native plugins compatible for Editor in 0.86 ms, found 3 plugins.
Preloading 0 native plugins for Editor in 0.00 ms.
Mono: successfully reloaded assembly
- Completed reload, in  1.475 seconds
Domain Reload Profiling:
	ReloadAssembly (1475ms)
		BeginReloadAssembly (169ms)
			ExecutionOrderSort (0ms)
			DisableScriptedObjects (8ms)
			BackupInstance (0ms)
			ReleaseScriptingObjects (0ms)
			CreateAndSetChildDomain (50ms)
		EndReloadAssembly (1193ms)
			LoadAssemblies (169ms)
			RebuildTransferFunctionScriptingTraits (0ms)
			SetupTypeCache (377ms)
			ReleaseScriptCaches (1ms)
			RebuildScriptCaches (55ms)
			SetupLoadedEditorAssemblies (432ms)
				LogAssemblyErrors (0ms)
				InitializePlatformSupportModulesInManaged (5ms)
				SetLoadedEditorAssemblies (1ms)
				RefreshPlugins (1ms)
				BeforeProcessingInitializeOnLoad (115ms)
				ProcessInitializeOnLoadAttributes (278ms)
				ProcessInitializeOnLoadMethodAttributes (23ms)
				AfterProcessingInitializeOnLoad (9ms)
				EditorAssembliesLoaded (0ms)
			ExecutionOrderSort2 (0ms)
			AwakeInstancesAfterBackupRestoration (4ms)
Platform modules already initialized, skipping
Switching build target platform(19) subTarget(0) extendedPlatform(0) -> platform(13) subTarget(537395200) extendedPlatform(0)
Refreshing native plugins compatible for Editor in 1.06 ms, found 3 plugins.
Preloading 0 native plugins for Editor in 0.00 ms.
Unloading 2358 Unused Serialized files (Serialized files now loaded: 0)
System memory in use before: 102.7 MB.
System memory in use after: 102.9 MB.

Unloading 35 unused Assets to reduce memory usage. Loaded Objects now: 2830.
Total: 4.310100 ms (FindLiveObjects: 0.256700 ms CreateObjectMapping: 0.068700 ms MarkObjects: 3.947600 ms  DeleteObjects: 0.035700 ms)

AssetImportParameters requested are different than current active one (requested -> active):
  custom:framework-win-MediaFoundation: 216162199b28c13a410421893ffa2e32 -> 
  custom:video-decoder-ogg-theora: a1e56fd34408186e4bbccfd4996cb3dc -> 
  custom:container-muxer-webm: aa71ff27fc2769a1b78a27578f13a17b -> 
  custom:container-demuxer-webm: 4f35f7cbe854078d1ac9338744f61a02 -> 
  custom:container-demuxer-ogg: 62fdf1f143b41e24485cea50d1cbac27 -> 
  custom:video-encoder-webm-vp8: eb34c28f22e8b96e1ab97ce403110664 -> 
  custom:video-decoder-webm-vp8: 9c59270c3fd7afecdb556c50c9e8de78 -> 
  custom:graphics/normal-map-encoding: 01000000000000000000000000000000 -> 02000000000000000000000000000000
  custom:audio-decoder-ogg-vorbis: bf7c407c2cedff20999df2af8eb42d56 -> 
  custom:audio-encoder-webm-vorbis: bf7c407c2cedff20999df2af8eb42d56 -> 
========================================================================
Received Prepare
Registering precompiled user dll's ...
Registered in 0.012506 seconds.
Begin MonoManager ReloadAssembly
Native extension for WindowsStandalone target not found
Refreshing native plugins compatible for Editor in 0.84 ms, found 3 plugins.
Preloading 0 native plugins for Editor in 0.00 ms.
Mono: successfully reloaded assembly
- Completed reload, in  1.442 seconds
Domain Reload Profiling:
	ReloadAssembly (1443ms)
		BeginReloadAssembly (153ms)
			ExecutionOrderSort (0ms)
			DisableScriptedObjects (7ms)
			BackupInstance (0ms)
			ReleaseScriptingObjects (0ms)
			CreateAndSetChildDomain (41ms)
		EndReloadAssembly (1205ms)
			LoadAssemblies (169ms)
			RebuildTransferFunctionScriptingTraits (0ms)
			SetupTypeCache (381ms)
			ReleaseScriptCaches (1ms)
			RebuildScriptCaches (53ms)
			SetupLoadedEditorAssemblies (432ms)
				LogAssemblyErrors (0ms)
				InitializePlatformSupportModulesInManaged (5ms)
				SetLoadedEditorAssemblies (1ms)
				RefreshPlugins (1ms)
				BeforeProcessingInitializeOnLoad (118ms)
				ProcessInitializeOnLoadAttributes (279ms)
				ProcessInitializeOnLoadMethodAttributes (19ms)
				AfterProcessingInitializeOnLoad (8ms)
				EditorAssembliesLoaded (0ms)
			ExecutionOrderSort2 (0ms)
			AwakeInstancesAfterBackupRestoration (4ms)
Platform modules already initialized, skipping
Switching build target platform(19) subTarget(0) extendedPlatform(0) -> platform(13) subTarget(537395200) extendedPlatform(0)
Refreshing native plugins compatible for Editor in 0.84 ms, found 3 plugins.
Preloading 0 native plugins for Editor in 0.00 ms.
Unloading 2358 Unused Serialized files (Serialized files now loaded: 0)
System memory in use before: 102.7 MB.
System memory in use after: 102.9 MB.

Unloading 35 unused Assets to reduce memory usage. Loaded Objects now: 2833.
Total: 3.948600 ms (FindLiveObjects: 0.257500 ms CreateObjectMapping: 0.079400 ms MarkObjects: 3.577400 ms  DeleteObjects: 0.033000 ms)

AssetImportParameters requested are different than current active one (requested -> active):
  custom:framework-win-MediaFoundation: 216162199b28c13a410421893ffa2e32 -> 
  custom:video-decoder-ogg-theora: a1e56fd34408186e4bbccfd4996cb3dc -> 
  custom:container-muxer-webm: aa71ff27fc2769a1b78a27578f13a17b -> 
  custom:container-demuxer-webm: 4f35f7cbe854078d1ac9338744f61a02 -> 
  custom:container-demuxer-ogg: 62fdf1f143b41e24485cea50d1cbac27 -> 
  custom:video-encoder-webm-vp8: eb34c28f22e8b96e1ab97ce403110664 -> 
  custom:video-decoder-webm-vp8: 9c59270c3fd7afecdb556c50c9e8de78 -> 
  custom:graphics/normal-map-encoding: 01000000000000000000000000000000 -> 02000000000000000000000000000000
  custom:audio-decoder-ogg-vorbis: bf7c407c2cedff20999df2af8eb42d56 -> 
  custom:audio-encoder-webm-vorbis: bf7c407c2cedff20999df2af8eb42d56 -> 
========================================================================
Received Import Request.
  Time since last request: 2051.200274 seconds.
  path: Assets/Scenes/MainMenu.unity
  artifactKey: Guid(4092b3ae38f20c24d8656fdd19250d53) Importer(815301076,1909f56bfc062723c751e8b465ee728b)
Start importing Assets/Scenes/MainMenu.unity using Guid(4092b3ae38f20c24d8656fdd19250d53) Importer(815301076,1909f56bfc062723c751e8b465ee728b)  -> (artifact id: 'b234b7a283325d5a3b913ab509a115b5') in 0.007839 seconds 
========================================================================
Received Prepare
Registering precompiled user dll's ...
Registered in 0.012765 seconds.
Begin MonoManager ReloadAssembly
Native extension for WindowsStandalone target not found
Refreshing native plugins compatible for Editor in 0.93 ms, found 3 plugins.
Preloading 0 native plugins for Editor in 0.00 ms.
Mono: successfully reloaded assembly
- Completed reload, in  1.417 seconds
Domain Reload Profiling:
	ReloadAssembly (1417ms)
		BeginReloadAssembly (153ms)
			ExecutionOrderSort (0ms)
			DisableScriptedObjects (9ms)
			BackupInstance (0ms)
			ReleaseScriptingObjects (0ms)
			CreateAndSetChildDomain (40ms)
		EndReloadAssembly (1176ms)
			LoadAssemblies (151ms)
			RebuildTransferFunctionScriptingTraits (0ms)
			SetupTypeCache (365ms)
			ReleaseScriptCaches (2ms)
			RebuildScriptCaches (57ms)
			SetupLoadedEditorAssemblies (432ms)
				LogAssemblyErrors (0ms)
				InitializePlatformSupportModulesInManaged (7ms)
				SetLoadedEditorAssemblies (1ms)
				RefreshPlugins (1ms)
				BeforeProcessingInitializeOnLoad (114ms)
				ProcessInitializeOnLoadAttributes (280ms)
				ProcessInitializeOnLoadMethodAttributes (19ms)
				AfterProcessingInitializeOnLoad (9ms)
				EditorAssembliesLoaded (0ms)
			ExecutionOrderSort2 (0ms)
			AwakeInstancesAfterBackupRestoration (4ms)
Platform modules already initialized, skipping
Switching build target platform(19) subTarget(0) extendedPlatform(0) -> platform(13) subTarget(537395200) extendedPlatform(0)
Refreshing native plugins compatible for Editor in 0.83 ms, found 3 plugins.
Preloading 0 native plugins for Editor in 0.00 ms.
Unloading 2358 Unused Serialized files (Serialized files now loaded: 0)
System memory in use before: 102.7 MB.
System memory in use after: 102.9 MB.

Unloading 35 unused Assets to reduce memory usage. Loaded Objects now: 2836.
Total: 5.322600 ms (FindLiveObjects: 0.272200 ms CreateObjectMapping: 0.086300 ms MarkObjects: 4.923800 ms  DeleteObjects: 0.038900 ms)

AssetImportParameters requested are different than current active one (requested -> active):
  custom:framework-win-MediaFoundation: 216162199b28c13a410421893ffa2e32 -> 
  custom:video-decoder-ogg-theora: a1e56fd34408186e4bbccfd4996cb3dc -> 
  custom:container-muxer-webm: aa71ff27fc2769a1b78a27578f13a17b -> 
  custom:container-demuxer-webm: 4f35f7cbe854078d1ac9338744f61a02 -> 
  custom:container-demuxer-ogg: 62fdf1f143b41e24485cea50d1cbac27 -> 
  custom:video-encoder-webm-vp8: eb34c28f22e8b96e1ab97ce403110664 -> 
  custom:video-decoder-webm-vp8: 9c59270c3fd7afecdb556c50c9e8de78 -> 
  custom:graphics/normal-map-encoding: 01000000000000000000000000000000 -> 02000000000000000000000000000000
  custom:audio-decoder-ogg-vorbis: bf7c407c2cedff20999df2af8eb42d56 -> 
  custom:audio-encoder-webm-vorbis: bf7c407c2cedff20999df2af8eb42d56 -> 
========================================================================
Received Import Request.
  Time since last request: 218.086343 seconds.
  path: Assets/GoogleMobileAds
  artifactKey: Guid(e6d6c8bcba39440abae1c5ccc063c635) Importer(815301076,1909f56bfc062723c751e8b465ee728b)
Start importing Assets/GoogleMobileAds using Guid(e6d6c8bcba39440abae1c5ccc063c635) Importer(815301076,1909f56bfc062723c751e8b465ee728b)  -> (artifact id: '00a06c32084cd881d4f54db31b25966b') in 0.008384 seconds 
========================================================================
Received Import Request.
  Time since last request: 27.102967 seconds.
  path: Assets/Sprites/watchad.png
  artifactKey: Guid(0bd0a677f9d8ffa4397404d1043edd30) Importer(815301076,1909f56bfc062723c751e8b465ee728b)
Start importing Assets/Sprites/watchad.png using Guid(0bd0a677f9d8ffa4397404d1043edd30) Importer(815301076,1909f56bfc062723c751e8b465ee728b)  -> (artifact id: '814c03ee1303d0236eb79e5330a8abb9') in 0.163805 seconds 
========================================================================
Received Import Request.
  Time since last request: 9.999850 seconds.
  path: Assets/Sprites/blue.png
  artifactKey: Guid(cade19cf9572819409660491729ddb53) Importer(815301076,1909f56bfc062723c751e8b465ee728b)
Start importing Assets/Sprites/blue.png using Guid(cade19cf9572819409660491729ddb53) Importer(815301076,1909f56bfc062723c751e8b465ee728b)  -> (artifact id: '395aed78de4895f22b3cac9b25215f40') in 0.020250 seconds 
========================================================================
Received Import Request.
  Time since last request: 9.502526 seconds.
  path: Assets/Sprites/grey.png
  artifactKey: Guid(b0341407404a0db4391f3ddae89aa957) Importer(815301076,1909f56bfc062723c751e8b465ee728b)
Start importing Assets/Sprites/grey.png using Guid(b0341407404a0db4391f3ddae89aa957) Importer(815301076,1909f56bfc062723c751e8b465ee728b)  -> (artifact id: '09ee225495e3afb1d92436de75e0fa5e') in 0.016718 seconds 
========================================================================
Received Import Request.
  Time since last request: 8.171223 seconds.
  path: Assets/Sprites/outside.png
  artifactKey: Guid(faf81931c5ebf8e40bc87f390162fa2e) Importer(815301076,1909f56bfc062723c751e8b465ee728b)
Start importing Assets/Sprites/outside.png using Guid(faf81931c5ebf8e40bc87f390162fa2e) Importer(815301076,1909f56bfc062723c751e8b465ee728b)  -> (artifact id: 'd8eb0b4a69326fdcea230768fe9da43e') in 0.017122 seconds 
========================================================================
Received Import Request.
  Time since last request: 11.242556 seconds.
  path: Assets/Sprites/MenuNew/backgroudn.png
  artifactKey: Guid(19b72a9a4bc948741875ce44ad7dd12b) Importer(815301076,1909f56bfc062723c751e8b465ee728b)
Start importing Assets/Sprites/MenuNew/backgroudn.png using Guid(19b72a9a4bc948741875ce44ad7dd12b) Importer(815301076,1909f56bfc062723c751e8b465ee728b)  -> (artifact id: 'd0e6d7326b276a4e68600cdb0f4fdd10') in 0.032305 seconds 
========================================================================
Received Import Request.
  Time since last request: 6.482152 seconds.
  path: Assets/Sprites/MenuNew/Background.png
  artifactKey: Guid(19b72a9a4bc948741875ce44ad7dd12b) Importer(815301076,1909f56bfc062723c751e8b465ee728b)
Start importing Assets/Sprites/MenuNew/Background.png using Guid(19b72a9a4bc948741875ce44ad7dd12b) Importer(815301076,1909f56bfc062723c751e8b465ee728b)  -> (artifact id: 'e9da9ff300f2359ebb39886b48409f80') in 0.021481 seconds 
========================================================================
Received Import Request.
  Time since last request: 5.823816 seconds.
  path: Assets/Sprites/MenuNew/button1.png
  artifactKey: Guid(bb134451ebabc454780755c618d57cdc) Importer(815301076,1909f56bfc062723c751e8b465ee728b)
Start importing Assets/Sprites/MenuNew/button1.png using Guid(bb134451ebabc454780755c618d57cdc) Importer(815301076,1909f56bfc062723c751e8b465ee728b)  -> (artifact id: '915de308a87c2797ed9e8a22bcc9fe5b') in 0.015904 seconds 
========================================================================
Received Import Request.
  Time since last request: 8.290738 seconds.
  path: Assets/Sprites/MenuNew/button2.png
  artifactKey: Guid(5922634ab0d0b3b4595baa01bfa27810) Importer(815301076,1909f56bfc062723c751e8b465ee728b)
Start importing Assets/Sprites/MenuNew/button2.png using Guid(5922634ab0d0b3b4595baa01bfa27810) Importer(815301076,1909f56bfc062723c751e8b465ee728b)  -> (artifact id: 'c46edfc50710c5108e5185d4f28a13e1') in 0.015253 seconds 
========================================================================
Received Import Request.
  Time since last request: 10.223889 seconds.
  path: Assets/Sprites/MenuNew/button3.png
  artifactKey: Guid(e754aa34a803cf543bea6539546ef66c) Importer(815301076,1909f56bfc062723c751e8b465ee728b)
Start importing Assets/Sprites/MenuNew/button3.png using Guid(e754aa34a803cf543bea6539546ef66c) Importer(815301076,1909f56bfc062723c751e8b465ee728b)  -> (artifact id: '7f182892fe64ea62960cff781f2f453c') in 0.015089 seconds 
========================================================================
Received Import Request.
  Time since last request: 2.421885 seconds.
  path: Assets/Sprites/MenuNew/button4.png
  artifactKey: Guid(913ac7721e4cf1e4695f6a38d7ccf28f) Importer(815301076,1909f56bfc062723c751e8b465ee728b)
Start importing Assets/Sprites/MenuNew/button4.png using Guid(913ac7721e4cf1e4695f6a38d7ccf28f) Importer(815301076,1909f56bfc062723c751e8b465ee728b)  -> (artifact id: '3db52cef22ec07d6b45074c52c4b84ce') in 0.014569 seconds 
========================================================================
Received Prepare
Registering precompiled user dll's ...
Registered in 0.013626 seconds.
Begin MonoManager ReloadAssembly
Native extension for WindowsStandalone target not found
Refreshing native plugins compatible for Editor in 1.03 ms, found 3 plugins.
Preloading 0 native plugins for Editor in 0.00 ms.
Mono: successfully reloaded assembly
- Completed reload, in  1.433 seconds
Domain Reload Profiling:
	ReloadAssembly (1433ms)
		BeginReloadAssembly (151ms)
			ExecutionOrderSort (0ms)
			DisableScriptedObjects (8ms)
			BackupInstance (0ms)
			ReleaseScriptingObjects (0ms)
			CreateAndSetChildDomain (43ms)
		EndReloadAssembly (1199ms)
			LoadAssemblies (150ms)
			RebuildTransferFunctionScriptingTraits (0ms)
			SetupTypeCache (353ms)
			ReleaseScriptCaches (1ms)
			RebuildScriptCaches (53ms)
			SetupLoadedEditorAssemblies (440ms)
				LogAssemblyErrors (0ms)
				InitializePlatformSupportModulesInManaged (5ms)
				SetLoadedEditorAssemblies (1ms)
				RefreshPlugins (1ms)
				BeforeProcessingInitializeOnLoad (117ms)
				ProcessInitializeOnLoadAttributes (286ms)
				ProcessInitializeOnLoadMethodAttributes (21ms)
				AfterProcessingInitializeOnLoad (9ms)
				EditorAssembliesLoaded (0ms)
			ExecutionOrderSort2 (0ms)
			AwakeInstancesAfterBackupRestoration (5ms)
Platform modules already initialized, skipping
Switching build target platform(19) subTarget(0) extendedPlatform(0) -> platform(13) subTarget(537395200) extendedPlatform(0)
Refreshing native plugins compatible for Editor in 0.93 ms, found 3 plugins.
Preloading 0 native plugins for Editor in 0.00 ms.
Unloading 2357 Unused Serialized files (Serialized files now loaded: 0)
System memory in use before: 105.6 MB.
System memory in use after: 105.8 MB.

Unloading 36 unused Assets to reduce memory usage. Loaded Objects now: 2856.
Total: 5.018600 ms (FindLiveObjects: 0.429400 ms CreateObjectMapping: 0.119300 ms MarkObjects: 4.425600 ms  DeleteObjects: 0.042100 ms)

AssetImportParameters requested are different than current active one (requested -> active):
  custom:framework-win-MediaFoundation: 216162199b28c13a410421893ffa2e32 -> 
  custom:video-decoder-ogg-theora: a1e56fd34408186e4bbccfd4996cb3dc -> 
  custom:container-muxer-webm: aa71ff27fc2769a1b78a27578f13a17b -> 
  custom:container-demuxer-webm: 4f35f7cbe854078d1ac9338744f61a02 -> 
  custom:container-demuxer-ogg: 62fdf1f143b41e24485cea50d1cbac27 -> 
  custom:video-encoder-webm-vp8: eb34c28f22e8b96e1ab97ce403110664 -> 
  custom:video-decoder-webm-vp8: 9c59270c3fd7afecdb556c50c9e8de78 -> 
  custom:graphics/normal-map-encoding: 01000000000000000000000000000000 -> 02000000000000000000000000000000
  custom:audio-decoder-ogg-vorbis: bf7c407c2cedff20999df2af8eb42d56 -> 
  custom:audio-encoder-webm-vorbis: bf7c407c2cedff20999df2af8eb42d56 -> 
========================================================================
Received Import Request.
  Time since last request: 196.320974 seconds.
  path: Assets/Reklamlar/Resources/AdConfiguration.asset
  artifactKey: Guid(902420aecfc7d834097a5f8f0bba5017) Importer(815301076,1909f56bfc062723c751e8b465ee728b)
Start importing Assets/Reklamlar/Resources/AdConfiguration.asset using Guid(902420aecfc7d834097a5f8f0bba5017) Importer(815301076,1909f56bfc062723c751e8b465ee728b)  -> (artifact id: '65883f6e7046bbd33732415c37abae83') in 0.024854 seconds 
AssetImportWorkerClient::OnTransportError - code=2 error=End of file
